  main.cpp
  character.cpp
C:\Users\atamb\final-project-2ndstorystudio\WordsmithVSproject\Wordsmith\src\character.cpp(38,33): warning C4838: conversion from 'int' to 'Uint8' requires a narrowing conversion
C:\Users\atamb\final-project-2ndstorystudio\WordsmithVSproject\Wordsmith\src\character.cpp(38,63): warning C4838: conversion from 'int' to 'Uint8' requires a narrowing conversion
C:\Users\atamb\final-project-2ndstorystudio\WordsmithVSproject\Wordsmith\src\character.cpp(38,93): warning C4838: conversion from 'int' to 'Uint8' requires a narrowing conversion
  flyweight.cpp
  game.cpp
C:\Users\atamb\final-project-2ndstorystudio\WordsmithVSproject\Wordsmith\src\game.cpp(51,18): warning C4244: 'argument': conversion from 'time_t' to 'unsigned int', possible loss of data
C:\Users\atamb\final-project-2ndstorystudio\WordsmithVSproject\Wordsmith\src\game.cpp(229,19): warning C4018: '>=': signed/unsigned mismatch
C:\Users\atamb\final-project-2ndstorystudio\WordsmithVSproject\Wordsmith\src\game.cpp(314,10): warning C4244: 'initializing': conversion from 'double' to 'int', possible loss of data
C:\Users\atamb\final-project-2ndstorystudio\WordsmithVSproject\Wordsmith\src\game.cpp(327,15): warning C4244: 'initializing': conversion from 'double' to 'int', possible loss of data
C:\Users\atamb\final-project-2ndstorystudio\WordsmithVSproject\Wordsmith\src\game.cpp(448,22): warning C4838: conversion from 'int' to 'Uint8' requires a narrowing conversion
C:\Users\atamb\final-project-2ndstorystudio\WordsmithVSproject\Wordsmith\src\game.cpp(448,24): warning C4838: conversion from 'int' to 'Uint8' requires a narrowing conversion
C:\Users\atamb\final-project-2ndstorystudio\WordsmithVSproject\Wordsmith\src\game.cpp(448,26): warning C4838: conversion from 'int' to 'Uint8' requires a narrowing conversion
  line.cpp
  parse_advanced.cpp
C:\Users\atamb\final-project-2ndstorystudio\WordsmithVSproject\Wordsmith\src\parse_advanced.cpp(60,20): warning C4018: '<': signed/unsigned mismatch
  parse_intermediate.cpp
C:\Users\atamb\final-project-2ndstorystudio\WordsmithVSproject\Wordsmith\src\parse_intermediate.cpp(63,20): warning C4018: '<': signed/unsigned mismatch
  parse_novice.cpp
C:\Users\atamb\final-project-2ndstorystudio\WordsmithVSproject\Wordsmith\src\parse_novice.cpp(51,20): warning C4018: '<': signed/unsigned mismatch
  parse_random.cpp
C:\Users\atamb\final-project-2ndstorystudio\WordsmithVSproject\Wordsmith\src\parse_random.cpp(32,25): warning C4018: '<': signed/unsigned mismatch
C:\Users\atamb\final-project-2ndstorystudio\WordsmithVSproject\Wordsmith\src\parse_random.cpp(44,9): warning C4018: '<': signed/unsigned mismatch
  prompt_selector.cpp
  rectangle.cpp
  statistics.cpp
C:\Users\atamb\final-project-2ndstorystudio\WordsmithVSproject\Wordsmith\src\statistics.cpp(105,20): warning C4018: '<': signed/unsigned mismatch
C:\Users\atamb\final-project-2ndstorystudio\WordsmithVSproject\Wordsmith\src\statistics.cpp(106,21): warning C4018: '<': signed/unsigned mismatch
  window.cpp
  Generating code
  Previous IPDB not found, fall back to full compilation.
  All 774 functions were compiled because no usable IPDB/IOBJ from previous compilation was found.
  Finished generating code
  Wordsmith.vcxproj -> C:\Users\atamb\final-project-2ndstorystudio\WordsmithVSproject\Release\Wordsmith.exe
