c:\users\atamb\final-project-2ndstorystudio\wordsmithvsproject\wordsmith\release\vc142.pdb
c:\users\atamb\final-project-2ndstorystudio\wordsmithvsproject\wordsmith\release\window.obj
c:\users\atamb\final-project-2ndstorystudio\wordsmithvsproject\wordsmith\release\statistics.obj
c:\users\atamb\final-project-2ndstorystudio\wordsmithvsproject\wordsmith\release\rectangle.obj
c:\users\atamb\final-project-2ndstorystudio\wordsmithvsproject\wordsmith\release\prompt_selector.obj
c:\users\atamb\final-project-2ndstorystudio\wordsmithvsproject\wordsmith\release\parse_random.obj
c:\users\atamb\final-project-2ndstorystudio\wordsmithvsproject\wordsmith\release\parse_novice.obj
c:\users\atamb\final-project-2ndstorystudio\wordsmithvsproject\wordsmith\release\parse_intermediate.obj
c:\users\atamb\final-project-2ndstorystudio\wordsmithvsproject\wordsmith\release\parse_advanced.obj
c:\users\atamb\final-project-2ndstorystudio\wordsmithvsproject\wordsmith\release\line.obj
c:\users\atamb\final-project-2ndstorystudio\wordsmithvsproject\wordsmith\release\game.obj
c:\users\atamb\final-project-2ndstorystudio\wordsmithvsproject\wordsmith\release\flyweight.obj
c:\users\atamb\final-project-2ndstorystudio\wordsmithvsproject\wordsmith\release\character.obj
c:\users\atamb\final-project-2ndstorystudio\wordsmithvsproject\wordsmith\release\main.obj
c:\users\atamb\final-project-2ndstorystudio\wordsmithvsproject\release\wordsmith.exe
c:\users\atamb\final-project-2ndstorystudio\wordsmithvsproject\release\wordsmith.pdb
c:\users\atamb\final-project-2ndstorystudio\wordsmithvsproject\release\wordsmith.ipdb
c:\users\atamb\final-project-2ndstorystudio\wordsmithvsproject\release\wordsmith.iobj
c:\users\atamb\final-project-2ndstorystudio\wordsmithvsproject\wordsmith\release\wordsmith.tlog\cl.command.1.tlog
c:\users\atamb\final-project-2ndstorystudio\wordsmithvsproject\wordsmith\release\wordsmith.tlog\cl.read.1.tlog
c:\users\atamb\final-project-2ndstorystudio\wordsmithvsproject\wordsmith\release\wordsmith.tlog\cl.write.1.tlog
c:\users\atamb\final-project-2ndstorystudio\wordsmithvsproject\wordsmith\release\wordsmith.tlog\link.command.1.tlog
c:\users\atamb\final-project-2ndstorystudio\wordsmithvsproject\wordsmith\release\wordsmith.tlog\link.read.1.tlog
c:\users\atamb\final-project-2ndstorystudio\wordsmithvsproject\wordsmith\release\wordsmith.tlog\link.write.1.tlog
c:\users\atamb\final-project-2ndstorystudio\wordsmithvsproject\wordsmith\release\wordsmith.tlog\wordsmith.write.1u.tlog
